#TYPE System.Diagnostics.EventLogEntry#Security/Microsoft-Windows-Security-Auditing/4797
"EventID","MachineName","Data","Index","Category","CategoryNumber","EntryType","Message","Source","ReplacementStrings","InstanceId","TimeGenerated","TimeWritten","UserName","Site","Container"
"4797","DESKTOP-7U5GMES","System.Byte[]","924","(13824)","13824","SuccessAudit","An attempt was made to query the existence of a blank password for an account.

Subject:
	Security ID:		S-1-5-21-3848544119-3048790057-3208350877-1001
	Account Name:		timothy
	Account Domain:		DESKTOP-7U5GMES
	Logon ID:		0x11ab9a

Additional Information:
	Caller Workstation:	DESKTOP-7U5GMES
	Target Account Name:	WDAGUtilityAccount
	Target Account Domain:	DESKTOP-7U5GMES","Microsoft-Windows-Security-Auditing","System.String[]","4797","3/21/2023 11:53:59 AM","3/21/2023 11:53:59 AM",,,
"4797","DESKTOP-7U5GMES","System.Byte[]","923","(13824)","13824","SuccessAudit","An attempt was made to query the existence of a blank password for an account.

Subject:
	Security ID:		S-1-5-21-3848544119-3048790057-3208350877-1001
	Account Name:		timothy
	Account Domain:		DESKTOP-7U5GMES
	Logon ID:		0x11ab9a

Additional Information:
	Caller Workstation:	DESKTOP-7U5GMES
	Target Account Name:	Guest
	Target Account Domain:	DESKTOP-7U5GMES","Microsoft-Windows-Security-Auditing","System.String[]","4797","3/21/2023 11:53:59 AM","3/21/2023 11:53:59 AM",,,
"4797","DESKTOP-7U5GMES","System.Byte[]","922","(13824)","13824","SuccessAudit","An attempt was made to query the existence of a blank password for an account.

Subject:
	Security ID:		S-1-5-21-3848544119-3048790057-3208350877-1001
	Account Name:		timothy
	Account Domain:		DESKTOP-7U5GMES
	Logon ID:		0x11ab9a

Additional Information:
	Caller Workstation:	DESKTOP-7U5GMES
	Target Account Name:	DefaultAccount
	Target Account Domain:	DESKTOP-7U5GMES","Microsoft-Windows-Security-Auditing","System.String[]","4797","3/21/2023 11:53:59 AM","3/21/2023 11:53:59 AM",,,
"4797","DESKTOP-7U5GMES","System.Byte[]","921","(13824)","13824","SuccessAudit","An attempt was made to query the existence of a blank password for an account.

Subject:
	Security ID:		S-1-5-21-3848544119-3048790057-3208350877-1001
	Account Name:		timothy
	Account Domain:		DESKTOP-7U5GMES
	Logon ID:		0x11ab9a

Additional Information:
	Caller Workstation:	DESKTOP-7U5GMES
	Target Account Name:	Administrator
	Target Account Domain:	DESKTOP-7U5GMES","Microsoft-Windows-Security-Auditing","System.String[]","4797","3/21/2023 11:53:59 AM","3/21/2023 11:53:59 AM",,,
